<?xml version="1.0" encoding="UTF-8"?>
<!-- Generated by org.testng.reporters.JUnitReportReporter -->
<testsuite hostname="Роман-ПК" name="com.example.tests.GroupCreationTests" tests="2" failures="0" timestamp="25 Feb 2015 19:46:36 GMT" time="1.955" errors="0">
  <testcase name="testEmptyGroupCreation" time="1.005" classname="com.example.tests.GroupCreationTests"/>
  <testcase name="testNonEmptyGroupCreation" time="0.950" classname="com.example.tests.GroupCreationTests"/>
</testsuite> <!-- com.example.tests.GroupCreationTests -->
