<?xml version="1.0" encoding="UTF-8"?>
<!-- Generated by org.testng.reporters.JUnitReportReporter -->
<testsuite hostname="Роман-ПК" name="com.example.tests.AdressCreationTests" tests="2" failures="0" timestamp="25 Feb 2015 19:46:36 GMT" time="3.949" errors="0">
  <testcase name="testAddNewNull" time="1.860" classname="com.example.tests.AdressCreationTests"/>
  <testcase name="testAddNew" time="2.089" classname="com.example.tests.AdressCreationTests"/>
</testsuite> <!-- com.example.tests.AdressCreationTests -->
