<?xml version="1.0" encoding="UTF-8"?>
<!-- Generated by org.testng.reporters.JUnitReportReporter -->
<testsuite hostname="Роман-ПК" name="com.example.tests.GroupCreationTests" tests="2" failures="0" timestamp="26 Feb 2015 19:17:13 GMT" time="3.392" errors="0">
  <testcase name="testEmptyGroupCreation" time="1.832" classname="com.example.tests.GroupCreationTests"/>
  <testcase name="testNonEmptyGroupCreation" time="1.560" classname="com.example.tests.GroupCreationTests"/>
</testsuite> <!-- com.example.tests.GroupCreationTests -->
