<?xml version="1.0" encoding="UTF-8"?>
<!-- Generated by org.testng.reporters.JUnitReportReporter -->
<testsuite hostname="Роман-ПК" name="com.example.tests.Untitled" tests="2" failures="0" timestamp="25 Feb 2015 19:37:09 GMT" time="4.043" errors="0">
  <testcase name="testAddNewNull" time="1.891" classname="com.example.tests.Untitled"/>
  <testcase name="testAddNew" time="2.152" classname="com.example.tests.Untitled"/>
</testsuite> <!-- com.example.tests.Untitled -->
