<?xml version="1.0" encoding="UTF-8"?>
<!-- Generated by org.testng.reporters.JUnitReportReporter -->
<testsuite hostname="Роман-ПК" name="com.example.tests.AdressCreationTests" tests="2" failures="0" timestamp="26 Feb 2015 19:17:13 GMT" time="4.630" errors="0">
  <testcase name="testAddNewNull" time="2.390" classname="com.example.tests.AdressCreationTests"/>
  <testcase name="testAddNew" time="2.240" classname="com.example.tests.AdressCreationTests"/>
</testsuite> <!-- com.example.tests.AdressCreationTests -->
